{
  "stats": {
    "suites": 1,
    "tests": 1,
    "passes": 1,
    "pending": 0,
    "failures": 0,
    "start": "2022-09-08T13:03:26.099Z",
    "end": "2022-09-08T13:03:37.914Z",
    "duration": 11815,
    "testsRegistered": 1,
    "passPercent": 100,
    "pendingPercent": 0,
    "other": 0,
    "hasOther": false,
    "skipped": 0,
    "hasSkipped": false
  },
  "results": [
    {
      "uuid": "dae76c39-1557-4cb4-8408-adae3f45b64f",
      "title": "",
      "fullFile": "cypress/integration/examples/test2.js",
      "file": "cypress/integration/examples/test2.js",
      "beforeHooks": [],
      "afterHooks": [],
      "tests": [],
      "suites": [
        {
          "uuid": "64a3df96-d360-4bc0-9a4a-099d7c684c4f",
          "title": "My third Test suite",
          "fullFile": "",
          "file": "",
          "beforeHooks": [],
          "afterHooks": [],
          "tests": [
            {
              "title": "My first test case",
              "fullTitle": "My third Test suite My first test case",
              "timedOut": null,
              "duration": 10730,
              "state": "passed",
              "speed": "slow",
              "pass": true,
              "fail": false,
              "pending": false,
              "context": null,
              "code": "cy.visit(\"https://rahulshettyacademy.com/AutomationPractice/\");\ncy.get('#checkBoxOption1').check().should('be.checked').and('have.value', 'option1');\ncy.get('input[type=\"checkbox\"]').check(['option2', 'option3']);\ncy.get('select').select('option3');\ncy.get('#autocomplete').type('usa');\ncy.get('.ui-menu-item div').each(($e1, index, $list) => {\n  if ($e1.text().includes(\"United States\")) {\n    cy.wrap($e1).click();\n  }\n}); //Reading pop up. Cypress will automatically accept the pop and close it. To read a pop up contents , you need to read using event handler.\ncy.get('#alertbtn').click();\ncy.on('window:alert', str => {\n  expect(str).to.equal('Hello , share this practice page and share your knowledge');\n}); // Cypress can't work on new window or new tab. instead you need to delete the target attribute and make the browser open the link in the same tab/window. \ncy.get('#opentab').invoke('removeAttr', 'target').click(); //getting the URL of the website we are visiting and validating. \ncy.url().should('include', 'rahulshetty'); //browser navigation  cy.go('direction',option);\ncy.go('back'); //Iterating over a table and get the value and compare, then finding the price of the course. \n//To find the only the second coluemn or (n th child element ) syntax is tr td:nth-child(2)\n//next() is to get the next sibiling element\ncy.get('tr td:nth-child(2)').each(($e1, index, list) => {\n  const text = $e1.text();\n  if (text.includes('python')) {\n    cy.get('tr td:nth-child(2)').eq(index).next().then(function (price) {\n      const priceText = price.text();\n      expect(priceText).to.equal('25');\n    });\n  }\n}); //Mouse over . Cypress do not support mouse over. instead we need to use invoke method from Jquery to show all hidden element\ncy.get('div.mouse-hover-content').invoke('show');\ncy.contains('Top').click();\ncy.url().should('include', 'top'); //Instead of the above method, you can use \"force:true \" to click on hidden element without using the jquery\n//cy.contins('Top').click('force:true')\n//Also, you can copy the href value and go there instead of opening the child window . But, Cypress will not allow to proceed when the domain is different second time\n//cy.get('button').then(function(el)=>{ const url=el.prop('href')})\n//iFrame  :  - Latest cypress supports iframe. but you need to install cypress-iframe. Also, you need import the package.\ncy.frameLoaded('#courses-iframe');\ncy.iframe().find('a[href=\"mentorship\"]').eq(0).click();",
              "err": {},
              "uuid": "ce95ac69-2fd3-4e9b-ae08-abcd4a530cb9",
              "parentUUID": "64a3df96-d360-4bc0-9a4a-099d7c684c4f",
              "isHook": false,
              "skipped": false
            }
          ],
          "suites": [],
          "passes": [
            "ce95ac69-2fd3-4e9b-ae08-abcd4a530cb9"
          ],
          "failures": [],
          "pending": [],
          "skipped": [],
          "duration": 10730,
          "root": false,
          "rootEmpty": false,
          "_timeout": 2000
        }
      ],
      "passes": [],
      "failures": [],
      "pending": [],
      "skipped": [],
      "duration": 0,
      "root": true,
      "rootEmpty": true,
      "_timeout": 2000
    }
  ],
  "meta": {
    "mocha": {
      "version": "7.0.1"
    },
    "mochawesome": {
      "options": {
        "quiet": false,
        "reportFilename": "mochawesome",
        "saveHtml": true,
        "saveJson": true,
        "consoleReporter": "spec",
        "useInlineDiffs": false,
        "code": true
      },
      "version": "7.1.3"
    },
    "marge": {
      "options": null,
      "version": "6.2.0"
    }
  }
}