{
  "stats": {
    "suites": 1,
    "tests": 1,
    "passes": 1,
    "pending": 0,
    "failures": 0,
    "start": "2022-09-22T21:48:27.392Z",
    "end": "2022-09-22T21:48:35.115Z",
    "duration": 7723,
    "testsRegistered": 1,
    "passPercent": 100,
    "pendingPercent": 0,
    "other": 0,
    "hasOther": false,
    "skipped": 0,
    "hasSkipped": false
  },
  "results": [
    {
      "uuid": "f8300c7c-d74d-49e2-91a1-37ff80d91b26",
      "title": "",
      "fullFile": "cypress/integration/examples/test1.js",
      "file": "cypress/integration/examples/test1.js",
      "beforeHooks": [],
      "afterHooks": [],
      "tests": [],
      "suites": [
        {
          "uuid": "ba939cd9-9052-4c6e-8a6f-a2faff47338a",
          "title": "My second Test suite",
          "fullFile": "",
          "file": "",
          "beforeHooks": [],
          "afterHooks": [],
          "tests": [
            {
              "title": "My fist test case",
              "fullTitle": "My second Test suite My fist test case",
              "timedOut": null,
              "duration": 6387,
              "state": "passed",
              "speed": "medium",
              "pass": true,
              "fail": false,
              "pending": false,
              "context": null,
              "code": "cy.visit(\"https://rahulshettyacademy.com/seleniumPractise/#/\");\ncy.get('.search-keyword').type('ca');\ncy.wait(2000);\ncy.get('.product:visible').should('have.length', 4);\ncy.get('.products').find('.product').should('have.length', 4);\ncy.get('.products').find('.product').eq(1).contains('ADD TO CART').click();\ncy.get('.products').find('.product').each(function ($e1, index, $list) {\n  var veg = $e1.find('h4.product-name').text();\n  if (veg.includes('Cashews')) {\n    cy.wrap($e1).find('button').click();\n  }\n});",
              "err": {},
              "uuid": "8420b67b-58bf-47ef-8178-b40aea8922d3",
              "parentUUID": "ba939cd9-9052-4c6e-8a6f-a2faff47338a",
              "isHook": false,
              "skipped": false
            }
          ],
          "suites": [],
          "passes": [
            "8420b67b-58bf-47ef-8178-b40aea8922d3"
          ],
          "failures": [],
          "pending": [],
          "skipped": [],
          "duration": 6387,
          "root": false,
          "rootEmpty": false,
          "_timeout": 2000
        }
      ],
      "passes": [],
      "failures": [],
      "pending": [],
      "skipped": [],
      "duration": 0,
      "root": true,
      "rootEmpty": true,
      "_timeout": 2000
    }
  ],
  "meta": {
    "mocha": {
      "version": "7.0.1"
    },
    "mochawesome": {
      "options": {
        "quiet": false,
        "reportFilename": "mochawesome",
        "saveHtml": true,
        "saveJson": true,
        "consoleReporter": "spec",
        "useInlineDiffs": false,
        "code": true
      },
      "version": "7.1.3"
    },
    "marge": {
      "options": null,
      "version": "6.2.0"
    }
  }
}